<?xml version="1.0" encoding="UTF-8"?>
<!-- Generated by org.testng.reporters.JUnitReportReporter -->
<testsuite skipped="0" hostname="ojt17-PC" name="DriverFactory.DriverScript" tests="1" failures="0" timestamp="22 Oct 2019 06:05:18 GMT" time="28.802" errors="0">
  <testcase name="startTest" time="28.802" classname="DriverFactory.DriverScript"/>
</testsuite> <!-- DriverFactory.DriverScript -->
